2026-02-24 15:29:14 -06:00: 
2026-02-24 15:29:14 -06:00: > eva-pulse@0.1.0 start
2026-02-24 15:29:14 -06:00: > next start -p 3222
2026-02-24 15:29:14 -06:00: 
2026-02-24 15:29:15 -06:00:   ▲ Next.js 14.2.33
2026-02-24 15:29:15 -06:00:   - Local:        http://localhost:3222
2026-02-24 15:29:15 -06:00: 
2026-02-24 15:29:15 -06:00:  ✓ Starting...
2026-02-24 15:29:15 -06:00:  ✓ Ready in 668ms
2026-02-24 15:29:15 -06:00: ✅ Base de datos MongoDB conectada exitosamente
2026-02-24 15:29:15 -06:00:    📊 Base de datos: eva-pulse
2026-02-24 15:29:15 -06:00:    🔗 Host: 0.0.0.0:27777
2026-02-24 15:29:15 -06:00:    📡 Estado: Conectado
2026-04-30 16:59:42 -05:00: 
2026-04-30 16:59:42 -05:00: > eva-pulse@0.1.0 start
2026-04-30 16:59:42 -05:00: > next start
2026-04-30 16:59:42 -05:00: 
2026-04-30 16:59:43 -05:00:   ▲ Next.js 14.2.33
2026-04-30 16:59:43 -05:00:   - Local:        http://localhost:3222
2026-04-30 16:59:43 -05:00: 
2026-04-30 16:59:43 -05:00:  ✓ Starting...
2026-04-30 16:59:44 -05:00:  ✓ Ready in 1981ms
2026-04-30 23:11:33 +00:00:   ▲ Next.js 14.2.35
2026-04-30 23:11:33 +00:00:   - Local:        http://localhost:3222
2026-04-30 23:11:33 +00:00:   - Network:      http://0.0.0.0:3222
2026-04-30 23:11:33 +00:00: 
2026-04-30 23:11:33 +00:00:  ✓ Starting...
2026-04-30 23:11:34 +00:00:  ✓ Ready in 811ms
2026-04-30 23:11:34 +00:00: ✅ Base de datos MongoDB conectada exitosamente
2026-04-30 23:11:34 +00:00:    📊 Base de datos: eva-pulse
2026-04-30 23:11:34 +00:00:    🔗 Host: 127.0.0.1:27017
2026-04-30 23:11:34 +00:00:    📡 Estado: Conectado
2026-04-30 23:15:28 +00:00:   ▲ Next.js 14.2.35
2026-04-30 23:15:28 +00:00:   - Local:        http://127.0.0.1:3222
2026-04-30 23:15:28 +00:00:   - Network:      http://127.0.0.1:3222
2026-04-30 23:15:28 +00:00: 
2026-04-30 23:15:28 +00:00:  ✓ Starting...
2026-04-30 23:15:28 +00:00:  ✓ Ready in 782ms
2026-04-30 23:15:28 +00:00: ✅ Base de datos MongoDB conectada exitosamente
2026-04-30 23:15:28 +00:00:    📊 Base de datos: eva-pulse
2026-04-30 23:15:28 +00:00:    🔗 Host: 127.0.0.1:27017
2026-04-30 23:15:28 +00:00:    📡 Estado: Conectado
2026-04-30 23:30:12 +00:00: ✅ Base de datos MongoDB conectada exitosamente
2026-04-30 23:30:12 +00:00:    📊 Base de datos: eva-pulse
2026-04-30 23:30:12 +00:00:    🔗 Host: 127.0.0.1:27017
2026-04-30 23:30:12 +00:00:    📡 Estado: Conectado
2026-04-30 23:30:12 +00:00: ✅ Base de datos MongoDB conectada exitosamente
2026-04-30 23:30:12 +00:00:    📊 Base de datos: eva-pulse
2026-04-30 23:30:12 +00:00:    🔗 Host: 127.0.0.1:27017
2026-04-30 23:30:12 +00:00:    📡 Estado: Conectado
2026-04-30 23:38:22 +00:00:   ▲ Next.js 14.2.35
2026-04-30 23:38:22 +00:00:   - Local:        http://127.0.0.1:3222
2026-04-30 23:38:22 +00:00:   - Network:      http://127.0.0.1:3222
2026-04-30 23:38:22 +00:00: 
2026-04-30 23:38:22 +00:00:  ✓ Starting...
2026-04-30 23:38:22 +00:00:  ✓ Ready in 812ms
2026-04-30 23:38:22 +00:00: ✅ Base de datos MongoDB conectada exitosamente
2026-04-30 23:38:22 +00:00:    📊 Base de datos: eva-pulse
2026-04-30 23:38:22 +00:00:    🔗 Host: 127.0.0.1:27017
2026-04-30 23:38:22 +00:00:    📡 Estado: Conectado
